Flow report for gumnut_with_mem
Mon Apr 27 23:42:56 2026
Quartus Prime Version 25.1std.0 Build 1129 10/21/2025 SC Lite Edition


---------------------
; Table of Contents ;
---------------------
  1. Legal Notice
  2. Flow Summary
  3. Flow Settings
  4. Flow Non-Default Global Settings
  5. Flow Elapsed Time
  6. Flow OS Summary
  7. Flow Log
  8. Flow Messages
  9. Flow Suppressed Messages



----------------
; Legal Notice ;
----------------
Copyright (C) 2025  Altera Corporation. All rights reserved.
Your use of Altera Corporation's design tools, logic functions 
and other software and tools, and any partner logic 
functions, and any output files from any of the foregoing 
(including device programming or simulation files), and any 
associated documentation or information are expressly subject 
to the terms and conditions of the Altera Program License 
Subscription Agreement, the Altera Quartus Prime License Agreement,
the Altera IP License Agreement, or other applicable license
agreement, including, without limitation, that your use is for
the sole purpose of programming logic devices manufactured by
Altera and sold by Altera or its authorized distributors.  Please
refer to the Altera Software License Subscription Agreements 
on the Quartus Prime software download page.



+--------------------------------------------------------------------------------------+
; Flow Summary                                                                         ;
+------------------------------------+-------------------------------------------------+
; Flow Status                        ; Successful - Mon Apr 27 23:42:52 2026           ;
; Quartus Prime Version              ; 25.1std.0 Build 1129 10/21/2025 SC Lite Edition ;
; Revision Name                      ; gumnut_with_mem                                 ;
; Top-level Entity Name              ; de10lite                                        ;
; Family                             ; MAX 10                                          ;
; Device                             ; 10M50DAF484C7G                                  ;
; Timing Models                      ; Final                                           ;
; Total logic elements               ; 3,544 / 49,760 ( 7 % )                          ;
;     Total combinational functions  ; 2,512 / 49,760 ( 5 % )                          ;
;     Dedicated logic registers      ; 2,388 / 49,760 ( 5 % )                          ;
; Total registers                    ; 2388                                            ;
; Total pins                         ; 39 / 360 ( 11 % )                               ;
; Total virtual pins                 ; 0                                               ;
; Total memory bits                  ; 0 / 1,677,312 ( 0 % )                           ;
; Embedded Multiplier 9-bit elements ; 0 / 288 ( 0 % )                                 ;
; Total PLLs                         ; 0 / 4 ( 0 % )                                   ;
; UFM blocks                         ; 0 / 1 ( 0 % )                                   ;
; ADC blocks                         ; 0 / 2 ( 0 % )                                   ;
+------------------------------------+-------------------------------------------------+


+-----------------------------------------+
; Flow Settings                           ;
+-------------------+---------------------+
; Option            ; Setting             ;
+-------------------+---------------------+
; Start date & time ; 04/27/2026 23:41:47 ;
; Main task         ; Compilation         ;
; Revision Name     ; gumnut_with_mem     ;
+-------------------+---------------------+


+-------------------------------------------------------------------------------------------------------------------------------+
; Flow Non-Default Global Settings                                                                                              ;
+-------------------------------------+----------------------------------------+-----------------+-------------+----------------+
; Assignment Name                     ; Value                                  ; Default Value   ; Entity Name ; Section Id     ;
+-------------------------------------+----------------------------------------+-----------------+-------------+----------------+
; COMPILER_SIGNATURE_ID               ; 57651960112367.177735490739537         ; --              ; --          ; --             ;
; EDA_OUTPUT_DATA_FORMAT              ; None                                   ; --              ; --          ; eda_simulation ;
; MAX_CORE_JUNCTION_TEMP              ; 85                                     ; --              ; --          ; --             ;
; MIN_CORE_JUNCTION_TEMP              ; 0                                      ; --              ; --          ; --             ;
; PARTITION_COLOR                     ; -- (Not supported for targeted family) ; --              ; de10lite    ; Top            ;
; PARTITION_FITTER_PRESERVATION_LEVEL ; -- (Not supported for targeted family) ; --              ; de10lite    ; Top            ;
; PARTITION_NETLIST_TYPE              ; -- (Not supported for targeted family) ; --              ; de10lite    ; Top            ;
; POWER_BOARD_THERMAL_MODEL           ; None (CONSERVATIVE)                    ; --              ; --          ; --             ;
; POWER_PRESET_COOLING_SOLUTION       ; 23 MM HEAT SINK WITH 200 LFPM AIRFLOW  ; --              ; --          ; --             ;
; PROJECT_OUTPUT_DIRECTORY            ; output_files                           ; --              ; --          ; --             ;
; TOP_LEVEL_ENTITY                    ; de10lite                               ; gumnut_with_mem ; --          ; --             ;
+-------------------------------------+----------------------------------------+-----------------+-------------+----------------+


+--------------------------------------------------------------------------------------------------------------------------+
; Flow Elapsed Time                                                                                                        ;
+----------------------+--------------+-------------------------+---------------------+------------------------------------+
; Module Name          ; Elapsed Time ; Average Processors Used ; Peak Virtual Memory ; Total CPU Time (on all processors) ;
+----------------------+--------------+-------------------------+---------------------+------------------------------------+
; Analysis & Synthesis ; 00:00:12     ; 1.0                     ; 513 MB              ; 00:00:23                           ;
; Fitter               ; 00:00:48     ; 1.5                     ; 2098 MB             ; 00:01:29                           ;
; Assembler            ; 00:00:02     ; 1.0                     ; 386 MB              ; 00:00:02                           ;
; Timing Analyzer      ; 00:00:03     ; 4.3                     ; 686 MB              ; 00:00:10                           ;
; Total                ; 00:01:05     ; --                      ; --                  ; 00:02:04                           ;
+----------------------+--------------+-------------------------+---------------------+------------------------------------+


+---------------------------------------------------------------------------------+
; Flow OS Summary                                                                 ;
+----------------------+------------------+---------+------------+----------------+
; Module Name          ; Machine Hostname ; OS Name ; OS Version ; Processor type ;
+----------------------+------------------+---------+------------+----------------+
; Analysis & Synthesis ; jorgelop07       ; Ubuntu  ; 22         ; x86_64         ;
; Fitter               ; jorgelop07       ; Ubuntu  ; 22         ; x86_64         ;
; Assembler            ; jorgelop07       ; Ubuntu  ; 22         ; x86_64         ;
; Timing Analyzer      ; jorgelop07       ; Ubuntu  ; 22         ; x86_64         ;
+----------------------+------------------+---------+------------+----------------+


------------
; Flow Log ;
------------
quartus_map --read_settings_files=on --write_settings_files=off gumnut_with_mem -c gumnut_with_mem
quartus_fit --read_settings_files=off --write_settings_files=off gumnut_with_mem -c gumnut_with_mem
quartus_asm --read_settings_files=off --write_settings_files=off gumnut_with_mem -c gumnut_with_mem
quartus_sta gumnut_with_mem -c gumnut_with_mem



